Arguments: 
  /usr/local/Cellar/node/9.8.0/bin/node /usr/local/Cellar/yarn/1.5.1_1/libexec/bin/yarn.js run deploy

PATH: 
  /usr/local/bin:/usr/bin:/bin:/usr/sbin:/sbin

Yarn version: 
  1.5.1

Node version: 
  9.8.0

Platform: 
  darwin x64

npm manifest: 
  {
    "homepage": "https://hkusttech.github.io",
    "name": "hkusttech",
    "version": "1.0.0",
    "license": "MIT",
    "devDependencies": {
      "gh-pages": "^1.1.0"
    },
    "scripts" : {
      "predeploy": "yarn run build",
      "build": "hugo",
      "debug": "hugo server -D",
      "deploy": "gh-pages -b master -d public"
    }
  }

yarn manifest: 
  No manifest

Lockfile: 
  No lockfile

Trace: 
  Error: Command failed.
  Exit code: 127
  Command: sh
  Arguments: -c gh-pages -b master -d public
  Directory: /Users/cspeter/dev/hkusttech.github.io
  Output:
  
      at ProcessTermError.MessageError (/usr/local/Cellar/yarn/1.5.1_1/libexec/lib/cli.js:186:110)
      at new ProcessTermError (/usr/local/Cellar/yarn/1.5.1_1/libexec/lib/cli.js:226:113)
      at ChildProcess.<anonymous> (/usr/local/Cellar/yarn/1.5.1_1/libexec/lib/cli.js:30281:17)
      at ChildProcess.emit (events.js:180:13)
      at maybeClose (internal/child_process.js:936:16)
      at Process.ChildProcess._handle.onexit (internal/child_process.js:220:5)
